2018-01-30 21:48:41,870 [Worker-4] INFO  c.g.t.t.d.PublishedGradleVersions - Gradle version information cache is up-to-date. Trying to read.
2018-01-30 21:52:35,156 [Worker-2] INFO  c.g.t.t.d.PublishedGradleVersions - Gradle version information cache is up-to-date. Trying to read.
2018-01-30 21:55:06,602 [Worker-11] INFO  o.e.m.c.i.p.ProjectConfigurationManager - Collecting project info '/pom.xml' C:\Users\user\Desktop\CucumberFolder\CucumberFramwork\pom.xml
2018-01-30 21:55:09,797 [Worker-11] INFO  o.e.m.c.i.l.LifecycleMappingFactory - Using org.eclipse.m2e.jdt.JarLifecycleMapping lifecycle mapping for MavenProject: com.stckoverflow:CucumberFramwork:0.0.1-SNAPSHOT @ C:\Users\user\Desktop\CucumberFolder\CucumberFramwork\pom.xml.
2018-01-30 21:55:10,593 [Worker-11] INFO  o.e.m.j.i.AbstractJavaProjectConfigurator - Adding source folder /CucumberFramwork/src/main/java
2018-01-30 21:55:10,610 [Worker-11] INFO  o.e.m.j.i.AbstractJavaProjectConfigurator - Adding source folder /CucumberFramwork/src/test/java
2018-01-30 21:55:12,136 [Worker-11] INFO  o.e.m.c.i.p.ProjectConfigurationManager - Imported and configured 1 project(s) in 5 sec
2018-01-30 21:55:14,706 [Worker-11] INFO  o.e.m.c.i.embedder.EclipseLogger - Using 'UTF-8' encoding to copy filtered resources.
2018-01-30 21:55:14,707 [Worker-11] INFO  o.e.m.c.i.embedder.EclipseLogger - skip non existing resourceDirectory C:\Users\user\Desktop\CucumberFolder\CucumberFramwork\src\main\resources
2018-01-30 21:55:14,711 [Worker-11] INFO  o.e.m.c.i.embedder.EclipseLogger - Using 'UTF-8' encoding to copy filtered resources.
2018-01-30 21:55:14,712 [Worker-11] INFO  o.e.m.c.i.embedder.EclipseLogger - skip non existing resourceDirectory C:\Users\user\Desktop\CucumberFolder\CucumberFramwork\src\test\resources
2018-01-30 22:01:00,631 [Worker-19] INFO  o.e.m.c.i.embedder.EclipseLogger - Using 'UTF-8' encoding to copy filtered resources.
2018-01-30 22:01:00,631 [Worker-19] INFO  o.e.m.c.i.embedder.EclipseLogger - skip non existing resourceDirectory C:\Users\user\Desktop\CucumberFolder\CucumberFramwork\src\main\resources
2018-01-30 22:01:00,635 [Worker-19] INFO  o.e.m.c.i.embedder.EclipseLogger - Using 'UTF-8' encoding to copy filtered resources.
2018-01-30 22:01:00,636 [Worker-19] INFO  o.e.m.c.i.embedder.EclipseLogger - skip non existing resourceDirectory C:\Users\user\Desktop\CucumberFolder\CucumberFramwork\src\test\resources
2018-01-30 22:01:14,647 [Worker-17] INFO  o.e.m.c.i.embedder.EclipseLogger - Using 'UTF-8' encoding to copy filtered resources.
2018-01-30 22:01:14,647 [Worker-17] INFO  o.e.m.c.i.embedder.EclipseLogger - skip non existing resourceDirectory C:\Users\user\Desktop\CucumberFolder\CucumberFramwork\src\main\resources
2018-01-30 22:01:14,650 [Worker-17] INFO  o.e.m.c.i.embedder.EclipseLogger - Using 'UTF-8' encoding to copy filtered resources.
2018-01-30 22:01:14,650 [Worker-17] INFO  o.e.m.c.i.embedder.EclipseLogger - skip non existing resourceDirectory C:\Users\user\Desktop\CucumberFolder\CucumberFramwork\src\test\resources
2018-01-30 22:06:48,791 [Worker-8] INFO  o.e.m.c.i.e.AbstractTransferListenerAdapter - Downloading https://repo.maven.apache.org/maven2/org/apache/maven/plugins/maven-surefire-plugin/2.19.1/maven-surefire-plugin-2.19.1.jar
2018-01-30 22:06:48,922 [Worker-8] INFO  o.e.m.c.i.e.AbstractTransferListenerAdapter - Downloaded https://repo.maven.apache.org/maven2/org/apache/maven/plugins/maven-surefire-plugin/2.19.1/maven-surefire-plugin-2.19.1.jar
2018-01-30 22:06:51,820 [Worker-8] INFO  o.e.m.c.i.l.LifecycleMappingFactory - Using org.eclipse.m2e.jdt.JarLifecycleMapping lifecycle mapping for MavenProject: com.stckoverflow:CucumberFramwork:0.0.1-SNAPSHOT @ C:\Users\user\Desktop\CucumberFolder\CucumberFramwork\pom.xml.
2018-01-30 22:06:57,059 [Worker-8] INFO  o.e.m.c.i.e.AbstractTransferListenerAdapter - Downloading https://repo.maven.apache.org/maven2/org/hamcrest/hamcrest-all/1.3/hamcrest-all-1.3.pom
2018-01-30 22:06:57,171 [Worker-8] INFO  o.e.m.c.i.e.AbstractTransferListenerAdapter - Downloaded https://repo.maven.apache.org/maven2/org/hamcrest/hamcrest-all/1.3/hamcrest-all-1.3.pom
2018-01-30 22:06:57,255 [Worker-8] INFO  o.e.m.c.i.e.AbstractTransferListenerAdapter - Downloading https://repo.maven.apache.org/maven2/info/cukes/cucumber-picocontainer/1.2.5/cucumber-picocontainer-1.2.5.pom
2018-01-30 22:06:57,345 [Worker-8] INFO  o.e.m.c.i.e.AbstractTransferListenerAdapter - Downloaded https://repo.maven.apache.org/maven2/info/cukes/cucumber-picocontainer/1.2.5/cucumber-picocontainer-1.2.5.pom
2018-01-30 22:06:57,443 [Worker-8] INFO  o.e.m.c.i.e.AbstractTransferListenerAdapter - Downloading https://repo.maven.apache.org/maven2/org/picocontainer/picocontainer/2.15/picocontainer-2.15.pom
2018-01-30 22:06:57,614 [Worker-8] INFO  o.e.m.c.i.e.AbstractTransferListenerAdapter - Downloaded https://repo.maven.apache.org/maven2/org/picocontainer/picocontainer/2.15/picocontainer-2.15.pom
2018-01-30 22:06:57,890 [Worker-8] INFO  o.e.m.c.i.e.AbstractTransferListenerAdapter - Downloading https://repo.maven.apache.org/maven2/org/picocontainer/picocontainer-parent/2.15/picocontainer-parent-2.15.pom
2018-01-30 22:06:58,441 [Worker-8] INFO  o.e.m.c.i.e.AbstractTransferListenerAdapter - Downloaded https://repo.maven.apache.org/maven2/org/picocontainer/picocontainer-parent/2.15/picocontainer-parent-2.15.pom
2018-01-30 22:06:58,530 [Worker-8] INFO  o.e.m.c.i.e.AbstractTransferListenerAdapter - Downloading https://repo.maven.apache.org/maven2/org/codehaus/codehaus-parent/3/codehaus-parent-3.pom
2018-01-30 22:06:58,588 [Worker-8] INFO  o.e.m.c.i.e.AbstractTransferListenerAdapter - Downloaded https://repo.maven.apache.org/maven2/org/codehaus/codehaus-parent/3/codehaus-parent-3.pom
2018-01-30 22:06:58,659 [Worker-8] INFO  o.e.m.c.i.e.AbstractTransferListenerAdapter - Downloading https://repo.maven.apache.org/maven2/info/cukes/cucumber-testng/1.2.5/cucumber-testng-1.2.5.pom
2018-01-30 22:06:58,711 [Worker-8] INFO  o.e.m.c.i.e.AbstractTransferListenerAdapter - Downloaded https://repo.maven.apache.org/maven2/info/cukes/cucumber-testng/1.2.5/cucumber-testng-1.2.5.pom
2018-01-30 22:06:58,782 [Worker-8] INFO  o.e.m.c.i.e.AbstractTransferListenerAdapter - Downloading https://repo.maven.apache.org/maven2/org/testng/testng/6.9.10/testng-6.9.10.pom
2018-01-30 22:06:58,837 [Worker-8] INFO  o.e.m.c.i.e.AbstractTransferListenerAdapter - Downloaded https://repo.maven.apache.org/maven2/org/testng/testng/6.9.10/testng-6.9.10.pom
2018-01-30 22:06:58,908 [Worker-8] INFO  o.e.m.c.i.e.AbstractTransferListenerAdapter - Downloading https://repo.maven.apache.org/maven2/com/beust/jcommander/1.48/jcommander-1.48.pom
2018-01-30 22:06:58,984 [Worker-8] INFO  o.e.m.c.i.e.AbstractTransferListenerAdapter - Downloaded https://repo.maven.apache.org/maven2/com/beust/jcommander/1.48/jcommander-1.48.pom
2018-01-30 22:06:59,058 [Worker-8] INFO  o.e.m.c.i.e.AbstractTransferListenerAdapter - Downloading https://repo.maven.apache.org/maven2/org/sonatype/oss/oss-parent/3/oss-parent-3.pom
2018-01-30 22:06:59,109 [Worker-8] INFO  o.e.m.c.i.e.AbstractTransferListenerAdapter - Downloaded https://repo.maven.apache.org/maven2/org/sonatype/oss/oss-parent/3/oss-parent-3.pom
2018-01-30 22:06:59,276 [Worker-8] INFO  o.e.m.c.i.e.AbstractTransferListenerAdapter - Downloading https://repo.maven.apache.org/maven2/com/aventstack/extentreports/3.0.5/extentreports-3.0.5.pom
2018-01-30 22:06:59,340 [Worker-8] INFO  o.e.m.c.i.e.AbstractTransferListenerAdapter - Downloaded https://repo.maven.apache.org/maven2/com/aventstack/extentreports/3.0.5/extentreports-3.0.5.pom
2018-01-30 22:06:59,414 [Worker-8] INFO  o.e.m.c.i.e.AbstractTransferListenerAdapter - Downloading https://repo.maven.apache.org/maven2/org/freemarker/freemarker/2.3.23/freemarker-2.3.23.pom
2018-01-30 22:06:59,476 [Worker-8] INFO  o.e.m.c.i.e.AbstractTransferListenerAdapter - Downloaded https://repo.maven.apache.org/maven2/org/freemarker/freemarker/2.3.23/freemarker-2.3.23.pom
2018-01-30 22:06:59,569 [Worker-8] INFO  o.e.m.c.i.e.AbstractTransferListenerAdapter - Downloading https://repo.maven.apache.org/maven2/org/mongodb/mongodb-driver/3.3.0/mongodb-driver-3.3.0.pom
2018-01-30 22:06:59,624 [Worker-8] INFO  o.e.m.c.i.e.AbstractTransferListenerAdapter - Downloaded https://repo.maven.apache.org/maven2/org/mongodb/mongodb-driver/3.3.0/mongodb-driver-3.3.0.pom
2018-01-30 22:06:59,698 [Worker-8] INFO  o.e.m.c.i.e.AbstractTransferListenerAdapter - Downloading https://repo.maven.apache.org/maven2/org/mongodb/bson/3.3.0/bson-3.3.0.pom
2018-01-30 22:06:59,751 [Worker-8] INFO  o.e.m.c.i.e.AbstractTransferListenerAdapter - Downloaded https://repo.maven.apache.org/maven2/org/mongodb/bson/3.3.0/bson-3.3.0.pom
2018-01-30 22:06:59,826 [Worker-8] INFO  o.e.m.c.i.e.AbstractTransferListenerAdapter - Downloading https://repo.maven.apache.org/maven2/org/mongodb/mongodb-driver-core/3.3.0/mongodb-driver-core-3.3.0.pom
2018-01-30 22:06:59,881 [Worker-8] INFO  o.e.m.c.i.e.AbstractTransferListenerAdapter - Downloaded https://repo.maven.apache.org/maven2/org/mongodb/mongodb-driver-core/3.3.0/mongodb-driver-core-3.3.0.pom
2018-01-30 22:07:00,116 [Worker-8] INFO  o.e.m.c.i.e.AbstractTransferListenerAdapter - Downloading https://repo.maven.apache.org/maven2/org/jsoup/jsoup/1.9.2/jsoup-1.9.2.pom
2018-01-30 22:07:00,467 [Worker-8] INFO  o.e.m.c.i.e.AbstractTransferListenerAdapter - Downloaded https://repo.maven.apache.org/maven2/org/jsoup/jsoup/1.9.2/jsoup-1.9.2.pom
2018-01-30 22:07:00,535 [Worker-8] INFO  o.e.m.c.i.e.AbstractTransferListenerAdapter - Downloading https://repo.maven.apache.org/maven2/org/freemarker/freemarker/2.3.26-incubating/freemarker-2.3.26-incubating.pom
2018-01-30 22:07:00,592 [Worker-8] INFO  o.e.m.c.i.e.AbstractTransferListenerAdapter - Downloaded https://repo.maven.apache.org/maven2/org/freemarker/freemarker/2.3.26-incubating/freemarker-2.3.26-incubating.pom
2018-01-30 22:07:00,781 [Worker-8] INFO  o.e.m.c.i.e.AbstractTransferListenerAdapter - Downloading https://repo.maven.apache.org/maven2/net/masterthought/cucumber-reporting/3.6.0/cucumber-reporting-3.6.0.pom
2018-01-30 22:07:00,869 [Worker-8] INFO  o.e.m.c.i.e.AbstractTransferListenerAdapter - Downloaded https://repo.maven.apache.org/maven2/net/masterthought/cucumber-reporting/3.6.0/cucumber-reporting-3.6.0.pom
2018-01-30 22:07:00,953 [Worker-8] INFO  o.e.m.c.i.e.AbstractTransferListenerAdapter - Downloading https://repo.maven.apache.org/maven2/org/apache/logging/log4j/log4j-api/2.6/log4j-api-2.6.pom
2018-01-30 22:07:01,043 [Worker-8] INFO  o.e.m.c.i.e.AbstractTransferListenerAdapter - Downloaded https://repo.maven.apache.org/maven2/org/apache/logging/log4j/log4j-api/2.6/log4j-api-2.6.pom
2018-01-30 22:07:01,141 [Worker-8] INFO  o.e.m.c.i.e.AbstractTransferListenerAdapter - Downloading https://repo.maven.apache.org/maven2/org/apache/logging/log4j/log4j/2.6/log4j-2.6.pom
2018-01-30 22:07:01,970 [Worker-8] INFO  o.e.m.c.i.e.AbstractTransferListenerAdapter - Downloaded https://repo.maven.apache.org/maven2/org/apache/logging/log4j/log4j/2.6/log4j-2.6.pom
2018-01-30 22:07:02,293 [Worker-8] INFO  o.e.m.c.i.e.AbstractTransferListenerAdapter - Downloading https://repo.maven.apache.org/maven2/org/apache/logging/log4j/log4j-core/2.6/log4j-core-2.6.pom
2018-01-30 22:07:02,374 [Worker-8] INFO  o.e.m.c.i.e.AbstractTransferListenerAdapter - Downloaded https://repo.maven.apache.org/maven2/org/apache/logging/log4j/log4j-core/2.6/log4j-core-2.6.pom
2018-01-30 22:07:02,481 [Worker-8] INFO  o.e.m.c.i.e.AbstractTransferListenerAdapter - Downloading https://repo.maven.apache.org/maven2/com/fasterxml/jackson/core/jackson-databind/2.8.5/jackson-databind-2.8.5.pom
2018-01-30 22:07:02,560 [Worker-8] INFO  o.e.m.c.i.e.AbstractTransferListenerAdapter - Downloaded https://repo.maven.apache.org/maven2/com/fasterxml/jackson/core/jackson-databind/2.8.5/jackson-databind-2.8.5.pom
2018-01-30 22:07:02,626 [Worker-8] INFO  o.e.m.c.i.e.AbstractTransferListenerAdapter - Downloading https://repo.maven.apache.org/maven2/com/fasterxml/jackson/jackson-parent/2.8/jackson-parent-2.8.pom
2018-01-30 22:07:02,708 [Worker-8] INFO  o.e.m.c.i.e.AbstractTransferListenerAdapter - Downloaded https://repo.maven.apache.org/maven2/com/fasterxml/jackson/jackson-parent/2.8/jackson-parent-2.8.pom
2018-01-30 22:07:02,771 [Worker-8] INFO  o.e.m.c.i.e.AbstractTransferListenerAdapter - Downloading https://repo.maven.apache.org/maven2/com/fasterxml/oss-parent/27/oss-parent-27.pom
2018-01-30 22:07:02,919 [Worker-8] INFO  o.e.m.c.i.e.AbstractTransferListenerAdapter - Downloaded https://repo.maven.apache.org/maven2/com/fasterxml/oss-parent/27/oss-parent-27.pom
2018-01-30 22:07:02,995 [Worker-8] INFO  o.e.m.c.i.e.AbstractTransferListenerAdapter - Downloading https://repo.maven.apache.org/maven2/com/fasterxml/jackson/core/jackson-annotations/2.8.0/jackson-annotations-2.8.0.pom
2018-01-30 22:07:03,047 [Worker-8] INFO  o.e.m.c.i.e.AbstractTransferListenerAdapter - Downloaded https://repo.maven.apache.org/maven2/com/fasterxml/jackson/core/jackson-annotations/2.8.0/jackson-annotations-2.8.0.pom
2018-01-30 22:07:03,145 [Worker-8] INFO  o.e.m.c.i.e.AbstractTransferListenerAdapter - Downloading https://repo.maven.apache.org/maven2/com/fasterxml/jackson/core/jackson-core/2.8.5/jackson-core-2.8.5.pom
2018-01-30 22:07:03,208 [Worker-8] INFO  o.e.m.c.i.e.AbstractTransferListenerAdapter - Downloaded https://repo.maven.apache.org/maven2/com/fasterxml/jackson/core/jackson-core/2.8.5/jackson-core-2.8.5.pom
2018-01-30 22:07:03,443 [Worker-8] INFO  o.e.m.c.i.e.AbstractTransferListenerAdapter - Downloading https://repo.maven.apache.org/maven2/velocity-tools/velocity-tools/1.4/velocity-tools-1.4.pom
2018-01-30 22:07:03,489 [Worker-8] INFO  o.e.m.c.i.e.AbstractTransferListenerAdapter - Downloaded https://repo.maven.apache.org/maven2/velocity-tools/velocity-tools/1.4/velocity-tools-1.4.pom
2018-01-30 22:07:03,674 [Worker-8] INFO  o.e.m.c.i.e.AbstractTransferListenerAdapter - Downloading https://repo.maven.apache.org/maven2/joda-time/joda-time/2.9.6/joda-time-2.9.6.pom
2018-01-30 22:07:04,188 [Worker-8] INFO  o.e.m.c.i.e.AbstractTransferListenerAdapter - Downloaded https://repo.maven.apache.org/maven2/joda-time/joda-time/2.9.6/joda-time-2.9.6.pom
2018-01-30 22:07:04,265 [Worker-8] INFO  o.e.m.c.i.e.AbstractTransferListenerAdapter - Downloading https://repo.maven.apache.org/maven2/net/lingala/zip4j/zip4j/1.3.2/zip4j-1.3.2.pom
2018-01-30 22:07:04,311 [Worker-8] INFO  o.e.m.c.i.e.AbstractTransferListenerAdapter - Downloaded https://repo.maven.apache.org/maven2/net/lingala/zip4j/zip4j/1.3.2/zip4j-1.3.2.pom
2018-01-30 22:07:04,372 [Worker-8] INFO  o.e.m.c.i.e.AbstractTransferListenerAdapter - Downloading https://repo.maven.apache.org/maven2/org/codehaus/plexus/plexus-utils/3.0.24/plexus-utils-3.0.24.pom
2018-01-30 22:07:04,439 [Worker-8] INFO  o.e.m.c.i.e.AbstractTransferListenerAdapter - Downloaded https://repo.maven.apache.org/maven2/org/codehaus/plexus/plexus-utils/3.0.24/plexus-utils-3.0.24.pom
2018-01-30 22:07:04,505 [Worker-8] INFO  o.e.m.c.i.e.AbstractTransferListenerAdapter - Downloading https://repo.maven.apache.org/maven2/org/codehaus/plexus/plexus/4.0/plexus-4.0.pom
2018-01-30 22:07:04,693 [Worker-8] INFO  o.e.m.c.i.e.AbstractTransferListenerAdapter - Downloaded https://repo.maven.apache.org/maven2/org/codehaus/plexus/plexus/4.0/plexus-4.0.pom
2018-01-30 22:07:04,748 [Worker-8] INFO  o.e.m.c.i.e.AbstractTransferListenerAdapter - Downloading https://repo.maven.apache.org/maven2/org/jsoup/jsoup/1.10.1/jsoup-1.10.1.pom
2018-01-30 22:07:05,105 [Worker-8] INFO  o.e.m.c.i.e.AbstractTransferListenerAdapter - Downloaded https://repo.maven.apache.org/maven2/org/jsoup/jsoup/1.10.1/jsoup-1.10.1.pom
2018-01-30 22:07:05,179 [Worker-8] INFO  o.e.m.c.i.e.AbstractTransferListenerAdapter - Downloading https://repo.maven.apache.org/maven2/com/vimalselvam/cucumber-extentsreport/2.0.4/cucumber-extentsreport-2.0.4.pom
2018-01-30 22:07:05,242 [Worker-8] INFO  o.e.m.c.i.e.AbstractTransferListenerAdapter - Downloaded https://repo.maven.apache.org/maven2/com/vimalselvam/cucumber-extentsreport/2.0.4/cucumber-extentsreport-2.0.4.pom
2018-01-30 22:07:05,871 [Worker-8] INFO  o.e.m.c.i.e.AbstractTransferListenerAdapter - Downloading https://repo.maven.apache.org/maven2/org/hamcrest/hamcrest-all/1.3/hamcrest-all-1.3.jar
2018-01-30 22:07:10,281 [Worker-8] INFO  o.e.m.c.i.e.AbstractTransferListenerAdapter - Downloaded https://repo.maven.apache.org/maven2/org/hamcrest/hamcrest-all/1.3/hamcrest-all-1.3.jar
2018-01-30 22:07:10,320 [Worker-8] INFO  o.e.m.c.i.e.AbstractTransferListenerAdapter - Downloading https://repo.maven.apache.org/maven2/info/cukes/cucumber-picocontainer/1.2.5/cucumber-picocontainer-1.2.5.jar
2018-01-30 22:07:10,379 [Worker-8] INFO  o.e.m.c.i.e.AbstractTransferListenerAdapter - Downloaded https://repo.maven.apache.org/maven2/info/cukes/cucumber-picocontainer/1.2.5/cucumber-picocontainer-1.2.5.jar
2018-01-30 22:07:10,421 [Worker-8] INFO  o.e.m.c.i.e.AbstractTransferListenerAdapter - Downloading https://repo.maven.apache.org/maven2/org/picocontainer/picocontainer/2.15/picocontainer-2.15.jar
2018-01-30 22:07:15,398 [Worker-8] INFO  o.e.m.c.i.e.AbstractTransferListenerAdapter - Downloaded https://repo.maven.apache.org/maven2/org/picocontainer/picocontainer/2.15/picocontainer-2.15.jar
2018-01-30 22:07:16,705 [Worker-8] INFO  o.e.m.c.i.e.AbstractTransferListenerAdapter - Downloading https://repo.maven.apache.org/maven2/info/cukes/cucumber-testng/1.2.5/cucumber-testng-1.2.5.jar
2018-01-30 22:07:16,817 [Worker-8] INFO  o.e.m.c.i.e.AbstractTransferListenerAdapter - Downloaded https://repo.maven.apache.org/maven2/info/cukes/cucumber-testng/1.2.5/cucumber-testng-1.2.5.jar
2018-01-30 22:07:16,903 [Worker-8] INFO  o.e.m.c.i.e.AbstractTransferListenerAdapter - Downloading https://repo.maven.apache.org/maven2/org/testng/testng/6.9.10/testng-6.9.10.jar
2018-01-30 22:07:25,984 [Worker-8] INFO  o.e.m.c.i.e.AbstractTransferListenerAdapter - Downloaded https://repo.maven.apache.org/maven2/org/testng/testng/6.9.10/testng-6.9.10.jar
2018-01-30 22:07:26,385 [Worker-8] INFO  o.e.m.c.i.e.AbstractTransferListenerAdapter - Downloading https://repo.maven.apache.org/maven2/com/beust/jcommander/1.48/jcommander-1.48.jar
2018-01-30 22:07:27,241 [Worker-8] INFO  o.e.m.c.i.e.AbstractTransferListenerAdapter - Downloaded https://repo.maven.apache.org/maven2/com/beust/jcommander/1.48/jcommander-1.48.jar
2018-01-30 22:07:27,311 [Worker-8] INFO  o.e.m.c.i.e.AbstractTransferListenerAdapter - Downloading https://repo.maven.apache.org/maven2/com/aventstack/extentreports/3.0.5/extentreports-3.0.5.jar
2018-01-30 22:07:29,029 [Worker-8] INFO  o.e.m.c.i.e.AbstractTransferListenerAdapter - Downloaded https://repo.maven.apache.org/maven2/com/aventstack/extentreports/3.0.5/extentreports-3.0.5.jar
2018-01-30 22:07:29,074 [Worker-8] INFO  o.e.m.c.i.e.AbstractTransferListenerAdapter - Downloading https://repo.maven.apache.org/maven2/org/mongodb/mongodb-driver/3.3.0/mongodb-driver-3.3.0.jar
2018-01-30 22:07:36,942 [Worker-8] INFO  o.e.m.c.i.e.AbstractTransferListenerAdapter - Downloaded https://repo.maven.apache.org/maven2/org/mongodb/mongodb-driver/3.3.0/mongodb-driver-3.3.0.jar
2018-01-30 22:07:36,977 [Worker-8] INFO  o.e.m.c.i.e.AbstractTransferListenerAdapter - Downloading https://repo.maven.apache.org/maven2/org/mongodb/bson/3.3.0/bson-3.3.0.jar
2018-01-30 22:07:41,771 [Worker-8] INFO  o.e.m.c.i.e.AbstractTransferListenerAdapter - Downloaded https://repo.maven.apache.org/maven2/org/mongodb/bson/3.3.0/bson-3.3.0.jar
2018-01-30 22:07:41,814 [Worker-8] INFO  o.e.m.c.i.e.AbstractTransferListenerAdapter - Downloading https://repo.maven.apache.org/maven2/org/mongodb/mongodb-driver-core/3.3.0/mongodb-driver-core-3.3.0.jar
2018-01-30 22:08:07,722 [Worker-8] INFO  o.e.m.c.i.e.AbstractTransferListenerAdapter - Downloaded https://repo.maven.apache.org/maven2/org/mongodb/mongodb-driver-core/3.3.0/mongodb-driver-core-3.3.0.jar
2018-01-30 22:08:08,049 [Worker-8] INFO  o.e.m.c.i.e.AbstractTransferListenerAdapter - Downloading https://repo.maven.apache.org/maven2/org/jsoup/jsoup/1.9.2/jsoup-1.9.2.jar
2018-01-30 22:08:14,596 [Worker-8] INFO  o.e.m.c.i.e.AbstractTransferListenerAdapter - Downloaded https://repo.maven.apache.org/maven2/org/jsoup/jsoup/1.9.2/jsoup-1.9.2.jar
2018-01-30 22:08:14,644 [Worker-8] INFO  o.e.m.c.i.e.AbstractTransferListenerAdapter - Downloading https://repo.maven.apache.org/maven2/org/freemarker/freemarker/2.3.26-incubating/freemarker-2.3.26-incubating.jar
2018-01-30 22:08:21,563 [Worker-8] INFO  o.e.m.c.i.e.AbstractTransferListenerAdapter - Downloaded https://repo.maven.apache.org/maven2/org/freemarker/freemarker/2.3.26-incubating/freemarker-2.3.26-incubating.jar
2018-01-30 22:08:21,603 [Worker-8] INFO  o.e.m.c.i.e.AbstractTransferListenerAdapter - Downloading https://repo.maven.apache.org/maven2/net/masterthought/cucumber-reporting/3.6.0/cucumber-reporting-3.6.0.jar
2018-01-30 22:08:41,452 [Worker-8] INFO  o.e.m.c.i.e.AbstractTransferListenerAdapter - Downloaded https://repo.maven.apache.org/maven2/net/masterthought/cucumber-reporting/3.6.0/cucumber-reporting-3.6.0.jar
2018-01-30 22:08:41,514 [Worker-8] INFO  o.e.m.c.i.e.AbstractTransferListenerAdapter - Downloading https://repo.maven.apache.org/maven2/org/apache/logging/log4j/log4j-api/2.6/log4j-api-2.6.jar
2018-01-30 22:08:49,423 [Worker-8] INFO  o.e.m.c.i.e.AbstractTransferListenerAdapter - Downloaded https://repo.maven.apache.org/maven2/org/apache/logging/log4j/log4j-api/2.6/log4j-api-2.6.jar
2018-01-30 22:08:49,483 [Worker-8] INFO  o.e.m.c.i.e.AbstractTransferListenerAdapter - Downloading https://repo.maven.apache.org/maven2/org/apache/logging/log4j/log4j-core/2.6/log4j-core-2.6.jar
2018-01-30 22:09:18,941 [Worker-8] INFO  o.e.m.c.i.e.AbstractTransferListenerAdapter - Downloaded https://repo.maven.apache.org/maven2/org/apache/logging/log4j/log4j-core/2.6/log4j-core-2.6.jar
2018-01-30 22:09:19,002 [Worker-8] INFO  o.e.m.c.i.e.AbstractTransferListenerAdapter - Downloading https://repo.maven.apache.org/maven2/com/fasterxml/jackson/core/jackson-databind/2.8.5/jackson-databind-2.8.5.jar
2018-01-30 22:09:30,194 [Worker-8] INFO  o.e.m.c.i.e.AbstractTransferListenerAdapter - Downloaded https://repo.maven.apache.org/maven2/com/fasterxml/jackson/core/jackson-databind/2.8.5/jackson-databind-2.8.5.jar
2018-01-30 22:09:30,233 [Worker-8] INFO  o.e.m.c.i.e.AbstractTransferListenerAdapter - Downloading https://repo.maven.apache.org/maven2/com/fasterxml/jackson/core/jackson-annotations/2.8.0/jackson-annotations-2.8.0.jar
2018-01-30 22:09:30,747 [Worker-8] INFO  o.e.m.c.i.e.AbstractTransferListenerAdapter - Downloaded https://repo.maven.apache.org/maven2/com/fasterxml/jackson/core/jackson-annotations/2.8.0/jackson-annotations-2.8.0.jar
2018-01-30 22:09:30,791 [Worker-8] INFO  o.e.m.c.i.e.AbstractTransferListenerAdapter - Downloading https://repo.maven.apache.org/maven2/com/fasterxml/jackson/core/jackson-core/2.8.5/jackson-core-2.8.5.jar
2018-01-30 22:09:32,593 [Worker-8] INFO  o.e.m.c.i.e.AbstractTransferListenerAdapter - Downloaded https://repo.maven.apache.org/maven2/com/fasterxml/jackson/core/jackson-core/2.8.5/jackson-core-2.8.5.jar
2018-01-30 22:09:32,856 [Worker-8] INFO  o.e.m.c.i.e.AbstractTransferListenerAdapter - Downloading https://repo.maven.apache.org/maven2/velocity-tools/velocity-tools/1.4/velocity-tools-1.4.jar
2018-01-30 22:09:34,316 [Worker-8] INFO  o.e.m.c.i.e.AbstractTransferListenerAdapter - Downloaded https://repo.maven.apache.org/maven2/velocity-tools/velocity-tools/1.4/velocity-tools-1.4.jar
2018-01-30 22:09:34,357 [Worker-8] INFO  o.e.m.c.i.e.AbstractTransferListenerAdapter - Downloading https://repo.maven.apache.org/maven2/joda-time/joda-time/2.9.6/joda-time-2.9.6.jar
2018-01-30 22:09:37,477 [Worker-8] INFO  o.e.m.c.i.e.AbstractTransferListenerAdapter - Downloaded https://repo.maven.apache.org/maven2/joda-time/joda-time/2.9.6/joda-time-2.9.6.jar
2018-01-30 22:09:37,565 [Worker-8] INFO  o.e.m.c.i.e.AbstractTransferListenerAdapter - Downloading https://repo.maven.apache.org/maven2/net/lingala/zip4j/zip4j/1.3.2/zip4j-1.3.2.jar
2018-01-30 22:09:38,570 [Worker-8] INFO  o.e.m.c.i.e.AbstractTransferListenerAdapter - Downloaded https://repo.maven.apache.org/maven2/net/lingala/zip4j/zip4j/1.3.2/zip4j-1.3.2.jar
2018-01-30 22:09:38,641 [Worker-8] INFO  o.e.m.c.i.e.AbstractTransferListenerAdapter - Downloading https://repo.maven.apache.org/maven2/org/codehaus/plexus/plexus-utils/3.0.24/plexus-utils-3.0.24.jar
2018-01-30 22:09:42,628 [Worker-8] INFO  o.e.m.c.i.e.AbstractTransferListenerAdapter - Downloaded https://repo.maven.apache.org/maven2/org/codehaus/plexus/plexus-utils/3.0.24/plexus-utils-3.0.24.jar
2018-01-30 22:09:42,983 [Worker-8] INFO  o.e.m.c.i.e.AbstractTransferListenerAdapter - Downloading https://repo.maven.apache.org/maven2/com/vimalselvam/cucumber-extentsreport/2.0.4/cucumber-extentsreport-2.0.4.jar
2018-01-30 22:09:43,114 [Worker-8] INFO  o.e.m.c.i.e.AbstractTransferListenerAdapter - Downloaded https://repo.maven.apache.org/maven2/com/vimalselvam/cucumber-extentsreport/2.0.4/cucumber-extentsreport-2.0.4.jar
2018-01-30 22:09:49,899 [Worker-8] INFO  o.e.m.c.i.embedder.EclipseLogger - Using 'UTF-8' encoding to copy filtered resources.
2018-01-30 22:09:49,900 [Worker-8] INFO  o.e.m.c.i.embedder.EclipseLogger - skip non existing resourceDirectory C:\Users\user\Desktop\CucumberFolder\CucumberFramwork\src\main\resources
2018-01-30 22:09:49,903 [Worker-8] INFO  o.e.m.c.i.embedder.EclipseLogger - Using 'UTF-8' encoding to copy filtered resources.
2018-01-30 22:09:49,904 [Worker-8] INFO  o.e.m.c.i.embedder.EclipseLogger - skip non existing resourceDirectory C:\Users\user\Desktop\CucumberFolder\CucumberFramwork\src\test\resources
2018-01-30 22:09:53,544 [Worker-8] INFO  o.e.m.c.i.p.ProjectConfigurationManager - Update started
2018-01-30 22:09:55,644 [Worker-8] INFO  o.e.m.c.i.l.LifecycleMappingFactory - Using org.eclipse.m2e.jdt.JarLifecycleMapping lifecycle mapping for MavenProject: com.stckoverflow:CucumberFramwork:0.0.1-SNAPSHOT @ C:\Users\user\Desktop\CucumberFolder\CucumberFramwork\pom.xml.
2018-01-30 22:09:57,067 [Worker-8] INFO  o.e.m.c.i.e.AbstractTransferListenerAdapter - Downloading https://repo.maven.apache.org/maven2/org/seleniumhq/selenium/selenium-api/maven-metadata.xml
2018-01-30 22:09:57,403 [Worker-8] INFO  o.e.m.c.i.e.AbstractTransferListenerAdapter - Downloaded https://repo.maven.apache.org/maven2/org/seleniumhq/selenium/selenium-api/maven-metadata.xml
2018-01-30 22:09:57,472 [Worker-8] INFO  o.e.m.c.i.e.AbstractTransferListenerAdapter - Downloading https://repo.maven.apache.org/maven2/org/seleniumhq/selenium/selenium-api/3.5.1/selenium-api-3.5.1.pom
2018-01-30 22:09:57,546 [Worker-8] INFO  o.e.m.c.i.e.AbstractTransferListenerAdapter - Downloaded https://repo.maven.apache.org/maven2/org/seleniumhq/selenium/selenium-api/3.5.1/selenium-api-3.5.1.pom
2018-01-30 22:09:57,630 [Worker-8] INFO  o.e.m.c.i.e.AbstractTransferListenerAdapter - Downloading https://repo.maven.apache.org/maven2/org/seleniumhq/selenium/selenium-api/3.5.2/selenium-api-3.5.2.pom
2018-01-30 22:09:57,690 [Worker-8] INFO  o.e.m.c.i.e.AbstractTransferListenerAdapter - Downloaded https://repo.maven.apache.org/maven2/org/seleniumhq/selenium/selenium-api/3.5.2/selenium-api-3.5.2.pom
2018-01-30 22:09:57,941 [Worker-8] INFO  o.e.m.c.i.e.AbstractTransferListenerAdapter - Downloading https://repo.maven.apache.org/maven2/org/seleniumhq/selenium/selenium-api/3.6.0/selenium-api-3.6.0.pom
2018-01-30 22:09:58,039 [Worker-8] INFO  o.e.m.c.i.e.AbstractTransferListenerAdapter - Downloaded https://repo.maven.apache.org/maven2/org/seleniumhq/selenium/selenium-api/3.6.0/selenium-api-3.6.0.pom
2018-01-30 22:09:58,113 [Worker-8] INFO  o.e.m.c.i.e.AbstractTransferListenerAdapter - Downloading https://repo.maven.apache.org/maven2/org/seleniumhq/selenium/selenium-api/3.7.0/selenium-api-3.7.0.pom
2018-01-30 22:09:58,168 [Worker-8] INFO  o.e.m.c.i.e.AbstractTransferListenerAdapter - Downloaded https://repo.maven.apache.org/maven2/org/seleniumhq/selenium/selenium-api/3.7.0/selenium-api-3.7.0.pom
2018-01-30 22:09:58,232 [Worker-8] INFO  o.e.m.c.i.e.AbstractTransferListenerAdapter - Downloading https://repo.maven.apache.org/maven2/org/seleniumhq/selenium/selenium-api/3.7.1/selenium-api-3.7.1.pom
2018-01-30 22:09:58,308 [Worker-8] INFO  o.e.m.c.i.e.AbstractTransferListenerAdapter - Downloaded https://repo.maven.apache.org/maven2/org/seleniumhq/selenium/selenium-api/3.7.1/selenium-api-3.7.1.pom
2018-01-30 22:09:58,400 [Worker-8] INFO  o.e.m.c.i.e.AbstractTransferListenerAdapter - Downloading https://repo.maven.apache.org/maven2/org/seleniumhq/selenium/selenium-api/3.8.0/selenium-api-3.8.0.pom
2018-01-30 22:09:58,463 [Worker-8] INFO  o.e.m.c.i.e.AbstractTransferListenerAdapter - Downloaded https://repo.maven.apache.org/maven2/org/seleniumhq/selenium/selenium-api/3.8.0/selenium-api-3.8.0.pom
2018-01-30 22:09:58,528 [Worker-8] INFO  o.e.m.c.i.e.AbstractTransferListenerAdapter - Downloading https://repo.maven.apache.org/maven2/org/seleniumhq/selenium/selenium-api/3.8.1/selenium-api-3.8.1.pom
2018-01-30 22:09:58,618 [Worker-8] INFO  o.e.m.c.i.e.AbstractTransferListenerAdapter - Downloaded https://repo.maven.apache.org/maven2/org/seleniumhq/selenium/selenium-api/3.8.1/selenium-api-3.8.1.pom
2018-01-30 22:09:58,716 [Worker-8] INFO  o.e.m.c.i.e.AbstractTransferListenerAdapter - Downloading https://repo.maven.apache.org/maven2/org/seleniumhq/selenium/selenium-support/maven-metadata.xml
2018-01-30 22:09:59,090 [Worker-8] INFO  o.e.m.c.i.e.AbstractTransferListenerAdapter - Downloaded https://repo.maven.apache.org/maven2/org/seleniumhq/selenium/selenium-support/maven-metadata.xml
2018-01-30 22:09:59,173 [Worker-8] INFO  o.e.m.c.i.e.AbstractTransferListenerAdapter - Downloading https://repo.maven.apache.org/maven2/org/seleniumhq/selenium/selenium-support/3.5.1/selenium-support-3.5.1.pom
2018-01-30 22:09:59,274 [Worker-8] INFO  o.e.m.c.i.e.AbstractTransferListenerAdapter - Downloaded https://repo.maven.apache.org/maven2/org/seleniumhq/selenium/selenium-support/3.5.1/selenium-support-3.5.1.pom
2018-01-30 22:09:59,346 [Worker-8] INFO  o.e.m.c.i.e.AbstractTransferListenerAdapter - Downloading https://repo.maven.apache.org/maven2/org/seleniumhq/selenium/selenium-remote-driver/3.5.1/selenium-remote-driver-3.5.1.pom
2018-01-30 22:09:59,452 [Worker-8] INFO  o.e.m.c.i.e.AbstractTransferListenerAdapter - Downloaded https://repo.maven.apache.org/maven2/org/seleniumhq/selenium/selenium-remote-driver/3.5.1/selenium-remote-driver-3.5.1.pom
2018-01-30 22:09:59,737 [Worker-8] INFO  o.e.m.c.i.e.AbstractTransferListenerAdapter - Downloading https://repo.maven.apache.org/maven2/org/seleniumhq/selenium/selenium-support/3.5.2/selenium-support-3.5.2.pom
2018-01-30 22:09:59,852 [Worker-8] INFO  o.e.m.c.i.e.AbstractTransferListenerAdapter - Downloaded https://repo.maven.apache.org/maven2/org/seleniumhq/selenium/selenium-support/3.5.2/selenium-support-3.5.2.pom
2018-01-30 22:09:59,932 [Worker-8] INFO  o.e.m.c.i.e.AbstractTransferListenerAdapter - Downloading https://repo.maven.apache.org/maven2/org/seleniumhq/selenium/selenium-remote-driver/3.5.2/selenium-remote-driver-3.5.2.pom
2018-01-30 22:09:59,986 [Worker-8] INFO  o.e.m.c.i.e.AbstractTransferListenerAdapter - Downloaded https://repo.maven.apache.org/maven2/org/seleniumhq/selenium/selenium-remote-driver/3.5.2/selenium-remote-driver-3.5.2.pom
2018-01-30 22:10:00,157 [Worker-8] INFO  o.e.m.c.i.e.AbstractTransferListenerAdapter - Downloading https://repo.maven.apache.org/maven2/org/seleniumhq/selenium/selenium-support/3.6.0/selenium-support-3.6.0.pom
2018-01-30 22:10:00,214 [Worker-8] INFO  o.e.m.c.i.e.AbstractTransferListenerAdapter - Downloaded https://repo.maven.apache.org/maven2/org/seleniumhq/selenium/selenium-support/3.6.0/selenium-support-3.6.0.pom
2018-01-30 22:10:00,288 [Worker-8] INFO  o.e.m.c.i.e.AbstractTransferListenerAdapter - Downloading https://repo.maven.apache.org/maven2/org/seleniumhq/selenium/selenium-remote-driver/3.6.0/selenium-remote-driver-3.6.0.pom
2018-01-30 22:10:00,343 [Worker-8] INFO  o.e.m.c.i.e.AbstractTransferListenerAdapter - Downloaded https://repo.maven.apache.org/maven2/org/seleniumhq/selenium/selenium-remote-driver/3.6.0/selenium-remote-driver-3.6.0.pom
2018-01-30 22:10:00,416 [Worker-8] INFO  o.e.m.c.i.e.AbstractTransferListenerAdapter - Downloading https://repo.maven.apache.org/maven2/net/bytebuddy/byte-buddy/1.7.5/byte-buddy-1.7.5.pom
2018-01-30 22:10:00,625 [Worker-8] INFO  o.e.m.c.i.e.AbstractTransferListenerAdapter - Downloaded https://repo.maven.apache.org/maven2/net/bytebuddy/byte-buddy/1.7.5/byte-buddy-1.7.5.pom
2018-01-30 22:10:00,697 [Worker-8] INFO  o.e.m.c.i.e.AbstractTransferListenerAdapter - Downloading https://repo.maven.apache.org/maven2/net/bytebuddy/byte-buddy-parent/1.7.5/byte-buddy-parent-1.7.5.pom
2018-01-30 22:10:00,925 [Worker-8] INFO  o.e.m.c.i.e.AbstractTransferListenerAdapter - Downloaded https://repo.maven.apache.org/maven2/net/bytebuddy/byte-buddy-parent/1.7.5/byte-buddy-parent-1.7.5.pom
2018-01-30 22:10:00,992 [Worker-8] INFO  o.e.m.c.i.e.AbstractTransferListenerAdapter - Downloading https://repo.maven.apache.org/maven2/org/seleniumhq/selenium/selenium-support/3.7.0/selenium-support-3.7.0.pom
2018-01-30 22:10:01,100 [Worker-8] INFO  o.e.m.c.i.e.AbstractTransferListenerAdapter - Downloaded https://repo.maven.apache.org/maven2/org/seleniumhq/selenium/selenium-support/3.7.0/selenium-support-3.7.0.pom
2018-01-30 22:10:01,174 [Worker-8] INFO  o.e.m.c.i.e.AbstractTransferListenerAdapter - Downloading https://repo.maven.apache.org/maven2/org/seleniumhq/selenium/selenium-remote-driver/3.7.0/selenium-remote-driver-3.7.0.pom
2018-01-30 22:10:01,221 [Worker-8] INFO  o.e.m.c.i.e.AbstractTransferListenerAdapter - Downloaded https://repo.maven.apache.org/maven2/org/seleniumhq/selenium/selenium-remote-driver/3.7.0/selenium-remote-driver-3.7.0.pom
2018-01-30 22:10:01,286 [Worker-8] INFO  o.e.m.c.i.e.AbstractTransferListenerAdapter - Downloading https://repo.maven.apache.org/maven2/com/google/code/gson/gson/2.8.2/gson-2.8.2.pom
2018-01-30 22:10:01,407 [Worker-8] INFO  o.e.m.c.i.e.AbstractTransferListenerAdapter - Downloaded https://repo.maven.apache.org/maven2/com/google/code/gson/gson/2.8.2/gson-2.8.2.pom
2018-01-30 22:10:01,471 [Worker-8] INFO  o.e.m.c.i.e.AbstractTransferListenerAdapter - Downloading https://repo.maven.apache.org/maven2/com/google/code/gson/gson-parent/2.8.2/gson-parent-2.8.2.pom
2018-01-30 22:10:01,523 [Worker-8] INFO  o.e.m.c.i.e.AbstractTransferListenerAdapter - Downloaded https://repo.maven.apache.org/maven2/com/google/code/gson/gson-parent/2.8.2/gson-parent-2.8.2.pom
2018-01-30 22:10:01,574 [Worker-8] INFO  o.e.m.c.i.e.AbstractTransferListenerAdapter - Downloading https://repo.maven.apache.org/maven2/org/seleniumhq/selenium/selenium-support/3.7.1/selenium-support-3.7.1.pom
2018-01-30 22:10:01,699 [Worker-8] INFO  o.e.m.c.i.e.AbstractTransferListenerAdapter - Downloaded https://repo.maven.apache.org/maven2/org/seleniumhq/selenium/selenium-support/3.7.1/selenium-support-3.7.1.pom
2018-01-30 22:10:01,758 [Worker-8] INFO  o.e.m.c.i.e.AbstractTransferListenerAdapter - Downloading https://repo.maven.apache.org/maven2/org/seleniumhq/selenium/selenium-remote-driver/3.7.1/selenium-remote-driver-3.7.1.pom
2018-01-30 22:10:01,835 [Worker-8] INFO  o.e.m.c.i.e.AbstractTransferListenerAdapter - Downloaded https://repo.maven.apache.org/maven2/org/seleniumhq/selenium/selenium-remote-driver/3.7.1/selenium-remote-driver-3.7.1.pom
2018-01-30 22:10:01,934 [Worker-8] INFO  o.e.m.c.i.e.AbstractTransferListenerAdapter - Downloading https://repo.maven.apache.org/maven2/org/seleniumhq/selenium/selenium-support/3.8.0/selenium-support-3.8.0.pom
2018-01-30 22:10:02,000 [Worker-8] INFO  o.e.m.c.i.e.AbstractTransferListenerAdapter - Downloaded https://repo.maven.apache.org/maven2/org/seleniumhq/selenium/selenium-support/3.8.0/selenium-support-3.8.0.pom
2018-01-30 22:10:02,060 [Worker-8] INFO  o.e.m.c.i.e.AbstractTransferListenerAdapter - Downloading https://repo.maven.apache.org/maven2/org/seleniumhq/selenium/selenium-remote-driver/3.8.0/selenium-remote-driver-3.8.0.pom
2018-01-30 22:10:02,125 [Worker-8] INFO  o.e.m.c.i.e.AbstractTransferListenerAdapter - Downloaded https://repo.maven.apache.org/maven2/org/seleniumhq/selenium/selenium-remote-driver/3.8.0/selenium-remote-driver-3.8.0.pom
2018-01-30 22:10:02,188 [Worker-8] INFO  o.e.m.c.i.e.AbstractTransferListenerAdapter - Downloading https://repo.maven.apache.org/maven2/org/seleniumhq/selenium/selenium-support/3.8.1/selenium-support-3.8.1.pom
2018-01-30 22:10:02,242 [Worker-8] INFO  o.e.m.c.i.e.AbstractTransferListenerAdapter - Downloaded https://repo.maven.apache.org/maven2/org/seleniumhq/selenium/selenium-support/3.8.1/selenium-support-3.8.1.pom
2018-01-30 22:10:02,308 [Worker-8] INFO  o.e.m.c.i.e.AbstractTransferListenerAdapter - Downloading https://repo.maven.apache.org/maven2/org/seleniumhq/selenium/selenium-remote-driver/3.8.1/selenium-remote-driver-3.8.1.pom
2018-01-30 22:10:02,364 [Worker-8] INFO  o.e.m.c.i.e.AbstractTransferListenerAdapter - Downloaded https://repo.maven.apache.org/maven2/org/seleniumhq/selenium/selenium-remote-driver/3.8.1/selenium-remote-driver-3.8.1.pom
2018-01-30 22:10:04,389 [Worker-8] INFO  o.e.m.j.i.AbstractJavaProjectConfigurator - Adding source folder /CucumberFramwork/src/main/java
2018-01-30 22:10:04,392 [Worker-8] INFO  o.e.m.j.i.AbstractJavaProjectConfigurator - Adding source folder /CucumberFramwork/src/test/java
2018-01-30 22:10:05,551 [Worker-8] INFO  o.e.m.c.i.p.ProjectConfigurationManager - Update completed: 12 sec
2018-01-30 22:10:07,676 [Worker-8] INFO  o.e.m.c.i.embedder.EclipseLogger - Using 'UTF-8' encoding to copy filtered resources.
2018-01-30 22:10:07,677 [Worker-8] INFO  o.e.m.c.i.embedder.EclipseLogger - skip non existing resourceDirectory C:\Users\user\Desktop\CucumberFolder\CucumberFramwork\src\main\resources
2018-01-30 22:10:07,682 [Worker-8] INFO  o.e.m.c.i.embedder.EclipseLogger - Using 'UTF-8' encoding to copy filtered resources.
2018-01-30 22:10:07,683 [Worker-8] INFO  o.e.m.c.i.embedder.EclipseLogger - skip non existing resourceDirectory C:\Users\user\Desktop\CucumberFolder\CucumberFramwork\src\test\resources
2018-01-30 22:15:58,410 [Worker-20] INFO  o.e.m.c.i.embedder.EclipseLogger - Using 'UTF-8' encoding to copy filtered resources.
2018-01-30 22:15:58,411 [Worker-20] INFO  o.e.m.c.i.embedder.EclipseLogger - skip non existing resourceDirectory C:\Users\user\Desktop\CucumberFolder\CucumberFramwork\src\main\resources
2018-01-30 22:15:58,413 [Worker-20] INFO  o.e.m.c.i.embedder.EclipseLogger - Using 'UTF-8' encoding to copy filtered resources.
2018-01-30 22:15:58,414 [Worker-20] INFO  o.e.m.c.i.embedder.EclipseLogger - skip non existing resourceDirectory C:\Users\user\Desktop\CucumberFolder\CucumberFramwork\src\test\resources
2018-01-30 22:19:10,369 [Worker-21] INFO  o.e.m.c.i.embedder.EclipseLogger - Using 'UTF-8' encoding to copy filtered resources.
2018-01-30 22:19:10,370 [Worker-21] INFO  o.e.m.c.i.embedder.EclipseLogger - skip non existing resourceDirectory C:\Users\user\Desktop\CucumberFolder\CucumberFramwork\src\main\resources
2018-01-30 22:19:10,373 [Worker-21] INFO  o.e.m.c.i.embedder.EclipseLogger - Using 'UTF-8' encoding to copy filtered resources.
2018-01-30 22:19:10,374 [Worker-21] INFO  o.e.m.c.i.embedder.EclipseLogger - skip non existing resourceDirectory C:\Users\user\Desktop\CucumberFolder\CucumberFramwork\src\test\resources
2018-01-30 22:32:27,237 [Worker-22] INFO  o.e.m.c.i.embedder.EclipseLogger - Using 'UTF-8' encoding to copy filtered resources.
2018-01-30 22:32:27,238 [Worker-22] INFO  o.e.m.c.i.embedder.EclipseLogger - skip non existing resourceDirectory C:\Users\user\Desktop\CucumberFolder\CucumberFramwork\src\main\resources
2018-01-30 22:32:27,241 [Worker-22] INFO  o.e.m.c.i.embedder.EclipseLogger - Using 'UTF-8' encoding to copy filtered resources.
2018-01-30 22:32:27,242 [Worker-22] INFO  o.e.m.c.i.embedder.EclipseLogger - skip non existing resourceDirectory C:\Users\user\Desktop\CucumberFolder\CucumberFramwork\src\test\resources
2018-01-30 22:33:03,094 [Worker-23] INFO  o.e.m.c.i.embedder.EclipseLogger - Using 'UTF-8' encoding to copy filtered resources.
2018-01-30 22:33:03,095 [Worker-23] INFO  o.e.m.c.i.embedder.EclipseLogger - skip non existing resourceDirectory C:\Users\user\Desktop\CucumberFolder\CucumberFramwork\src\main\resources
2018-01-30 22:33:03,098 [Worker-23] INFO  o.e.m.c.i.embedder.EclipseLogger - Using 'UTF-8' encoding to copy filtered resources.
2018-01-30 22:33:03,099 [Worker-23] INFO  o.e.m.c.i.embedder.EclipseLogger - skip non existing resourceDirectory C:\Users\user\Desktop\CucumberFolder\CucumberFramwork\src\test\resources
2018-01-30 22:33:04,334 [Worker-19] INFO  o.e.m.c.i.embedder.EclipseLogger - Using 'UTF-8' encoding to copy filtered resources.
2018-01-30 22:33:04,335 [Worker-19] INFO  o.e.m.c.i.embedder.EclipseLogger - skip non existing resourceDirectory C:\Users\user\Desktop\CucumberFolder\CucumberFramwork\src\main\resources
2018-01-30 22:33:04,338 [Worker-19] INFO  o.e.m.c.i.embedder.EclipseLogger - Using 'UTF-8' encoding to copy filtered resources.
2018-01-30 22:33:04,339 [Worker-19] INFO  o.e.m.c.i.embedder.EclipseLogger - skip non existing resourceDirectory C:\Users\user\Desktop\CucumberFolder\CucumberFramwork\src\test\resources
2018-01-30 22:40:12,344 [Worker-28] INFO  o.e.m.c.i.embedder.EclipseLogger - Using 'UTF-8' encoding to copy filtered resources.
2018-01-30 22:40:12,345 [Worker-28] INFO  o.e.m.c.i.embedder.EclipseLogger - skip non existing resourceDirectory C:\Users\user\Desktop\CucumberFolder\CucumberFramwork\src\main\resources
2018-01-30 22:40:12,347 [Worker-28] INFO  o.e.m.c.i.embedder.EclipseLogger - Using 'UTF-8' encoding to copy filtered resources.
2018-01-30 22:40:12,349 [Worker-28] INFO  o.e.m.c.i.embedder.EclipseLogger - skip non existing resourceDirectory C:\Users\user\Desktop\CucumberFolder\CucumberFramwork\src\test\resources
2018-01-30 22:48:20,118 [Worker-22] INFO  o.e.m.c.i.embedder.EclipseLogger - Using 'UTF-8' encoding to copy filtered resources.
2018-01-30 22:48:20,118 [Worker-22] INFO  o.e.m.c.i.embedder.EclipseLogger - skip non existing resourceDirectory C:\Users\user\Desktop\CucumberFolder\CucumberFramwork\src\main\resources
2018-01-30 22:48:20,121 [Worker-22] INFO  o.e.m.c.i.embedder.EclipseLogger - Using 'UTF-8' encoding to copy filtered resources.
2018-01-30 22:48:20,122 [Worker-22] INFO  o.e.m.c.i.embedder.EclipseLogger - skip non existing resourceDirectory C:\Users\user\Desktop\CucumberFolder\CucumberFramwork\src\test\resources
2018-01-30 22:48:21,850 [Worker-29] INFO  o.e.m.c.i.embedder.EclipseLogger - Using 'UTF-8' encoding to copy filtered resources.
2018-01-30 22:48:21,851 [Worker-29] INFO  o.e.m.c.i.embedder.EclipseLogger - skip non existing resourceDirectory C:\Users\user\Desktop\CucumberFolder\CucumberFramwork\src\main\resources
2018-01-30 22:48:21,854 [Worker-29] INFO  o.e.m.c.i.embedder.EclipseLogger - Using 'UTF-8' encoding to copy filtered resources.
2018-01-30 22:48:21,855 [Worker-29] INFO  o.e.m.c.i.embedder.EclipseLogger - skip non existing resourceDirectory C:\Users\user\Desktop\CucumberFolder\CucumberFramwork\src\test\resources
2018-01-30 23:27:23,354 [Worker-30] INFO  o.e.m.c.i.p.ProjectConfigurationManager - Update started
2018-01-30 23:27:24,821 [Worker-30] INFO  o.e.m.c.i.l.LifecycleMappingFactory - Using org.eclipse.m2e.jdt.JarLifecycleMapping lifecycle mapping for MavenProject: com.stckoverflow:CucumberFramwork:0.0.1-SNAPSHOT @ C:\Users\user\Desktop\CucumberFolder\CucumberFramwork\pom.xml.
2018-01-30 23:27:26,875 [Worker-30] INFO  o.e.m.c.i.e.AbstractTransferListenerAdapter - Downloading https://repo.maven.apache.org/maven2/org/seleniumhq/selenium/selenium-api/maven-metadata.xml
2018-01-30 23:27:26,938 [Worker-30] INFO  o.e.m.c.i.e.AbstractTransferListenerAdapter - Downloaded https://repo.maven.apache.org/maven2/org/seleniumhq/selenium/selenium-api/maven-metadata.xml
2018-01-30 23:27:27,225 [Worker-30] INFO  o.e.m.c.i.e.AbstractTransferListenerAdapter - Downloading https://repo.maven.apache.org/maven2/org/seleniumhq/selenium/selenium-support/maven-metadata.xml
2018-01-30 23:27:27,289 [Worker-30] INFO  o.e.m.c.i.e.AbstractTransferListenerAdapter - Downloaded https://repo.maven.apache.org/maven2/org/seleniumhq/selenium/selenium-support/maven-metadata.xml
2018-01-30 23:27:30,829 [Worker-30] INFO  o.e.m.j.i.AbstractJavaProjectConfigurator - Adding source folder /CucumberFramwork/src/main/java
2018-01-30 23:27:30,831 [Worker-30] INFO  o.e.m.j.i.AbstractJavaProjectConfigurator - Adding source folder /CucumberFramwork/src/test/java
2018-01-30 23:27:31,822 [Worker-30] INFO  o.e.m.c.i.p.ProjectConfigurationManager - Update completed: 8 sec
2018-01-30 23:27:34,305 [Worker-32] INFO  o.e.m.c.i.embedder.EclipseLogger - Using 'UTF-8' encoding to copy filtered resources.
2018-01-30 23:27:34,306 [Worker-32] INFO  o.e.m.c.i.embedder.EclipseLogger - skip non existing resourceDirectory C:\Users\user\Desktop\CucumberFolder\CucumberFramwork\src\main\resources
2018-01-30 23:27:34,309 [Worker-32] INFO  o.e.m.c.i.embedder.EclipseLogger - Using 'UTF-8' encoding to copy filtered resources.
2018-01-30 23:27:34,311 [Worker-32] INFO  o.e.m.c.i.embedder.EclipseLogger - skip non existing resourceDirectory C:\Users\user\Desktop\CucumberFolder\CucumberFramwork\src\test\resources
2018-01-30 23:40:41,772 [Worker-35] INFO  o.e.m.c.i.embedder.EclipseLogger - Using 'UTF-8' encoding to copy filtered resources.
2018-01-30 23:40:41,774 [Worker-35] INFO  o.e.m.c.i.embedder.EclipseLogger - skip non existing resourceDirectory C:\Users\user\Desktop\CucumberFolder\CucumberFramwork\src\main\resources
2018-01-30 23:40:41,794 [Worker-35] INFO  o.e.m.c.i.embedder.EclipseLogger - Using 'UTF-8' encoding to copy filtered resources.
2018-01-30 23:40:41,795 [Worker-35] INFO  o.e.m.c.i.embedder.EclipseLogger - skip non existing resourceDirectory C:\Users\user\Desktop\CucumberFolder\CucumberFramwork\src\test\resources
2018-01-30 23:41:36,712 [Worker-30] INFO  o.e.m.c.i.embedder.EclipseLogger - Using 'UTF-8' encoding to copy filtered resources.
2018-01-30 23:41:36,713 [Worker-30] INFO  o.e.m.c.i.embedder.EclipseLogger - skip non existing resourceDirectory C:\Users\user\Desktop\CucumberFolder\CucumberFramwork\src\main\resources
2018-01-30 23:41:36,714 [Worker-30] INFO  o.e.m.c.i.embedder.EclipseLogger - Using 'UTF-8' encoding to copy filtered resources.
2018-01-30 23:41:36,715 [Worker-30] INFO  o.e.m.c.i.embedder.EclipseLogger - skip non existing resourceDirectory C:\Users\user\Desktop\CucumberFolder\CucumberFramwork\src\test\resources
2018-01-30 23:48:49,938 [Worker-30] INFO  o.e.m.c.i.embedder.EclipseLogger - Using 'UTF-8' encoding to copy filtered resources.
2018-01-30 23:48:49,939 [Worker-30] INFO  o.e.m.c.i.embedder.EclipseLogger - skip non existing resourceDirectory C:\Users\user\Desktop\CucumberFolder\CucumberFramwork\src\main\resources
2018-01-30 23:48:49,941 [Worker-30] INFO  o.e.m.c.i.embedder.EclipseLogger - Using 'UTF-8' encoding to copy filtered resources.
2018-01-30 23:48:49,943 [Worker-30] INFO  o.e.m.c.i.embedder.EclipseLogger - skip non existing resourceDirectory C:\Users\user\Desktop\CucumberFolder\CucumberFramwork\src\test\resources
2018-01-30 23:55:53,412 [Worker-35] INFO  o.e.m.c.i.embedder.EclipseLogger - Using 'UTF-8' encoding to copy filtered resources.
2018-01-30 23:55:53,414 [Worker-35] INFO  o.e.m.c.i.embedder.EclipseLogger - skip non existing resourceDirectory C:\Users\user\Desktop\CucumberFolder\CucumberFramwork\src\main\resources
2018-01-30 23:55:53,416 [Worker-35] INFO  o.e.m.c.i.embedder.EclipseLogger - Using 'UTF-8' encoding to copy filtered resources.
2018-01-30 23:55:53,417 [Worker-35] INFO  o.e.m.c.i.embedder.EclipseLogger - skip non existing resourceDirectory C:\Users\user\Desktop\CucumberFolder\CucumberFramwork\src\test\resources
2018-01-31 00:07:07,166 [Worker-32] INFO  o.e.m.c.i.embedder.EclipseLogger - Using 'UTF-8' encoding to copy filtered resources.
2018-01-31 00:07:07,168 [Worker-32] INFO  o.e.m.c.i.embedder.EclipseLogger - skip non existing resourceDirectory C:\Users\user\Desktop\CucumberFolder\CucumberFramwork\src\main\resources
2018-01-31 00:07:07,170 [Worker-32] INFO  o.e.m.c.i.embedder.EclipseLogger - Using 'UTF-8' encoding to copy filtered resources.
2018-01-31 00:07:07,172 [Worker-32] INFO  o.e.m.c.i.embedder.EclipseLogger - skip non existing resourceDirectory C:\Users\user\Desktop\CucumberFolder\CucumberFramwork\src\test\resources
2018-01-31 00:08:15,440 [Worker-40] INFO  o.e.m.c.i.embedder.EclipseLogger - Using 'UTF-8' encoding to copy filtered resources.
2018-01-31 00:08:15,441 [Worker-40] INFO  o.e.m.c.i.embedder.EclipseLogger - skip non existing resourceDirectory C:\Users\user\Desktop\CucumberFolder\CucumberFramwork\src\main\resources
2018-01-31 00:08:15,443 [Worker-40] INFO  o.e.m.c.i.embedder.EclipseLogger - Using 'UTF-8' encoding to copy filtered resources.
2018-01-31 00:08:15,444 [Worker-40] INFO  o.e.m.c.i.embedder.EclipseLogger - skip non existing resourceDirectory C:\Users\user\Desktop\CucumberFolder\CucumberFramwork\src\test\resources
2018-01-31 00:09:21,146 [Worker-36] INFO  o.e.m.c.i.embedder.EclipseLogger - Using 'UTF-8' encoding to copy filtered resources.
2018-01-31 00:09:21,148 [Worker-36] INFO  o.e.m.c.i.embedder.EclipseLogger - skip non existing resourceDirectory C:\Users\user\Desktop\CucumberFolder\CucumberFramwork\src\main\resources
2018-01-31 00:09:21,151 [Worker-36] INFO  o.e.m.c.i.embedder.EclipseLogger - Using 'UTF-8' encoding to copy filtered resources.
2018-01-31 00:09:21,153 [Worker-36] INFO  o.e.m.c.i.embedder.EclipseLogger - skip non existing resourceDirectory C:\Users\user\Desktop\CucumberFolder\CucumberFramwork\src\test\resources
2018-01-31 00:09:57,880 [Worker-37] INFO  o.e.m.c.i.embedder.EclipseLogger - Using 'UTF-8' encoding to copy filtered resources.
2018-01-31 00:09:57,882 [Worker-37] INFO  o.e.m.c.i.embedder.EclipseLogger - skip non existing resourceDirectory C:\Users\user\Desktop\CucumberFolder\CucumberFramwork\src\main\resources
2018-01-31 00:09:57,886 [Worker-37] INFO  o.e.m.c.i.embedder.EclipseLogger - Using 'UTF-8' encoding to copy filtered resources.
2018-01-31 00:09:57,888 [Worker-37] INFO  o.e.m.c.i.embedder.EclipseLogger - skip non existing resourceDirectory C:\Users\user\Desktop\CucumberFolder\CucumberFramwork\src\test\resources
2018-01-31 00:11:24,302 [Worker-40] INFO  o.e.m.c.i.embedder.EclipseLogger - Using 'UTF-8' encoding to copy filtered resources.
2018-01-31 00:11:24,303 [Worker-40] INFO  o.e.m.c.i.embedder.EclipseLogger - skip non existing resourceDirectory C:\Users\user\Desktop\CucumberFolder\CucumberFramwork\src\main\resources
2018-01-31 00:11:24,307 [Worker-40] INFO  o.e.m.c.i.embedder.EclipseLogger - Using 'UTF-8' encoding to copy filtered resources.
2018-01-31 00:11:24,308 [Worker-40] INFO  o.e.m.c.i.embedder.EclipseLogger - skip non existing resourceDirectory C:\Users\user\Desktop\CucumberFolder\CucumberFramwork\src\test\resources
2018-01-31 00:13:41,541 [Worker-40] INFO  o.e.m.c.i.embedder.EclipseLogger - Using 'UTF-8' encoding to copy filtered resources.
2018-01-31 00:13:41,543 [Worker-40] INFO  o.e.m.c.i.embedder.EclipseLogger - skip non existing resourceDirectory C:\Users\user\Desktop\CucumberFolder\CucumberFramwork\src\main\resources
2018-01-31 00:13:41,544 [Worker-40] INFO  o.e.m.c.i.embedder.EclipseLogger - Using 'UTF-8' encoding to copy filtered resources.
2018-01-31 00:13:41,545 [Worker-40] INFO  o.e.m.c.i.embedder.EclipseLogger - skip non existing resourceDirectory C:\Users\user\Desktop\CucumberFolder\CucumberFramwork\src\test\resources
2018-01-31 00:18:03,233 [Worker-36] INFO  o.e.m.c.i.embedder.EclipseLogger - Using 'UTF-8' encoding to copy filtered resources.
2018-01-31 00:18:03,234 [Worker-36] INFO  o.e.m.c.i.embedder.EclipseLogger - skip non existing resourceDirectory C:\Users\user\Desktop\CucumberFolder\CucumberFramwork\src\main\resources
2018-01-31 00:18:03,236 [Worker-36] INFO  o.e.m.c.i.embedder.EclipseLogger - Using 'UTF-8' encoding to copy filtered resources.
2018-01-31 00:18:03,237 [Worker-36] INFO  o.e.m.c.i.embedder.EclipseLogger - skip non existing resourceDirectory C:\Users\user\Desktop\CucumberFolder\CucumberFramwork\src\test\resources
2018-01-31 00:23:04,465 [Worker-40] INFO  o.e.m.c.i.embedder.EclipseLogger - Using 'UTF-8' encoding to copy filtered resources.
2018-01-31 00:23:04,466 [Worker-40] INFO  o.e.m.c.i.embedder.EclipseLogger - skip non existing resourceDirectory C:\Users\user\Desktop\CucumberFolder\CucumberFramwork\src\main\resources
2018-01-31 00:23:04,474 [Worker-40] INFO  o.e.m.c.i.embedder.EclipseLogger - Using 'UTF-8' encoding to copy filtered resources.
2018-01-31 00:23:04,475 [Worker-40] INFO  o.e.m.c.i.embedder.EclipseLogger - skip non existing resourceDirectory C:\Users\user\Desktop\CucumberFolder\CucumberFramwork\src\test\resources
2018-01-31 00:23:33,217 [Worker-42] INFO  o.e.m.c.i.embedder.EclipseLogger - Using 'UTF-8' encoding to copy filtered resources.
2018-01-31 00:23:33,219 [Worker-42] INFO  o.e.m.c.i.embedder.EclipseLogger - skip non existing resourceDirectory C:\Users\user\Desktop\CucumberFolder\CucumberFramwork\src\main\resources
2018-01-31 00:23:33,221 [Worker-42] INFO  o.e.m.c.i.embedder.EclipseLogger - Using 'UTF-8' encoding to copy filtered resources.
2018-01-31 00:23:33,222 [Worker-42] INFO  o.e.m.c.i.embedder.EclipseLogger - skip non existing resourceDirectory C:\Users\user\Desktop\CucumberFolder\CucumberFramwork\src\test\resources
2018-01-31 00:25:26,145 [Worker-32] INFO  o.e.m.c.i.embedder.EclipseLogger - Using 'UTF-8' encoding to copy filtered resources.
2018-01-31 00:25:26,146 [Worker-32] INFO  o.e.m.c.i.embedder.EclipseLogger - skip non existing resourceDirectory C:\Users\user\Desktop\CucumberFolder\CucumberFramwork\src\main\resources
2018-01-31 00:25:26,148 [Worker-32] INFO  o.e.m.c.i.embedder.EclipseLogger - Using 'UTF-8' encoding to copy filtered resources.
2018-01-31 00:25:26,149 [Worker-32] INFO  o.e.m.c.i.embedder.EclipseLogger - skip non existing resourceDirectory C:\Users\user\Desktop\CucumberFolder\CucumberFramwork\src\test\resources
2018-02-03 22:25:20,560 [Worker-90] INFO  o.e.m.c.i.embedder.EclipseLogger - Using 'UTF-8' encoding to copy filtered resources.
2018-02-03 22:25:20,562 [Worker-90] INFO  o.e.m.c.i.embedder.EclipseLogger - skip non existing resourceDirectory C:\Users\user\Desktop\CucumberFolder\CucumberFramwork\src\main\resources
2018-02-03 22:25:20,566 [Worker-90] INFO  o.e.m.c.i.embedder.EclipseLogger - Using 'UTF-8' encoding to copy filtered resources.
2018-02-03 22:25:20,567 [Worker-90] INFO  o.e.m.c.i.embedder.EclipseLogger - skip non existing resourceDirectory C:\Users\user\Desktop\CucumberFolder\CucumberFramwork\src\test\resources
2018-02-03 23:05:41,358 [Worker-97] INFO  o.e.m.c.i.embedder.EclipseLogger - Using 'UTF-8' encoding to copy filtered resources.
2018-02-03 23:05:41,359 [Worker-97] INFO  o.e.m.c.i.embedder.EclipseLogger - skip non existing resourceDirectory C:\Users\user\Desktop\CucumberFolder\CucumberFramwork\src\main\resources
2018-02-03 23:05:41,361 [Worker-97] INFO  o.e.m.c.i.embedder.EclipseLogger - Using 'UTF-8' encoding to copy filtered resources.
2018-02-03 23:05:41,362 [Worker-97] INFO  o.e.m.c.i.embedder.EclipseLogger - skip non existing resourceDirectory C:\Users\user\Desktop\CucumberFolder\CucumberFramwork\src\test\resources
2018-02-06 20:09:29,094 [Worker-1] INFO  c.g.t.t.d.PublishedGradleVersions - Gradle version information cache is up-to-date. Trying to read.
2018-02-06 20:09:45,190 [Worker-4] INFO  o.e.m.c.i.l.LifecycleMappingFactory - Using org.eclipse.m2e.jdt.JarLifecycleMapping lifecycle mapping for MavenProject: com.stckoverflow:CucumberFramwork:0.0.1-SNAPSHOT @ C:\Users\user\Desktop\CucumberFolder\CucumberFramwork\pom.xml.
2018-02-06 20:09:55,977 [Worker-1] INFO  o.e.m.c.i.embedder.EclipseLogger - Using 'UTF-8' encoding to copy filtered resources.
2018-02-06 20:09:55,977 [Worker-1] INFO  o.e.m.c.i.embedder.EclipseLogger - skip non existing resourceDirectory C:\Users\user\Desktop\CucumberFolder\CucumberFramwork\src\main\resources
2018-02-06 20:09:55,981 [Worker-1] INFO  o.e.m.c.i.embedder.EclipseLogger - Using 'UTF-8' encoding to copy filtered resources.
2018-02-06 20:09:55,983 [Worker-1] INFO  o.e.m.c.i.embedder.EclipseLogger - skip non existing resourceDirectory C:\Users\user\Desktop\CucumberFolder\CucumberFramwork\src\test\resources
2018-02-10 03:20:04,936 [Worker-1] INFO  c.g.t.t.d.PublishedGradleVersions - Gradle version information cache is out-of-date. Trying to update.
